<?xml version="1.0" encoding="UTF-8"?>
<!-- Generated by org.testng.reporters.JUnitXMLReporter -->
<testsuite hostname="IN-GYANPRAKASH2" ignored="0" name="GyanCRM-Git Test Cases" tests="3" failures="1" timestamp="04 Jun 2020 10:47:45 GMT" time="54.076" errors="0">
  <testcase name="TitleTest" time="0.098" classname="com.crm.qa.testcases.LoginPageTest">
    <failure type="java.lang.AssertionError" message="expected [CRM] but found [Cogmento CRM]">
      <![CDATA[java.lang.AssertionError: expected [CRM] but found [Cogmento CRM]
	at com.crm.qa.testcases.LoginPageTest.TitleTest(LoginPageTest.java:29)
... Removed 31 stack frames]]>
    </failure>
  </testcase> <!-- TitleTest -->
  <testcase name="EmailFieldPresentTest" time="0.1" classname="com.crm.qa.testcases.LoginPageTest"/>
  <testcase name="LoginTest" time="0.748" classname="com.crm.qa.testcases.LoginPageTest"/>
</testsuite> <!-- GyanCRM-Git Test Cases -->
