<?xml version="1.0" encoding="UTF-8"?>
<testsuite xmlns:xsi="http://www.w3.org/2001/XMLSchema-instance" xsi:noNamespaceSchemaLocation="https://maven.apache.org/surefire/maven-surefire-plugin/xsd/surefire-test-report.xsd" name="TestSuite" time="99.164" tests="3" errors="0" skipped="0" failures="1">
  <properties>
[...]
</properties>
  <testcase name="VerifyHomepageTitleTest" classname="com.crm.qa.testcases.HomePageTest" time="0.015"/>
  <testcase name="VerifyUserNameAtTop" classname="com.crm.qa.testcases.HomePageTest" time="52.771">
    <failure message="no such element: Unable to locate element: {&quot;method&quot;:&quot;xpath&quot;,&quot;selector&quot;:&quot;//*[@id=&apos;top-header-menu&apos;]/div[2]/span[1]&quot;}&#10;  (Session info: chrome=77.0.3865.90)&#10;For documentation on this error, please visit: https://www.seleniumhq.org/exceptions/no_such_element.html&#10;Build info: version: &apos;3.141.59&apos;, revision: &apos;e82be7d358&apos;, time: &apos;2018-11-14T08:17:03&apos;&#10;System info: host: &apos;IN-GYANPRAKASH2&apos;, ip: &apos;192.168.19.77&apos;, os.name: &apos;Windows 10&apos;, os.arch: &apos;amd64&apos;, os.version: &apos;10.0&apos;, java.version: &apos;1.8.0_144&apos;&#10;Driver info: org.openqa.selenium.chrome.ChromeDriver&#10;Capabilities {acceptInsecureCerts: false, browserName: chrome, browserVersion: 77.0.3865.90, chrome: {chromedriverVersion: 76.0.3809.126 (d80a294506b4..., userDataDir: C:\Users\GYANPR~1\AppData\L...}, goog:chromeOptions: {debuggerAddress: localhost:51197}, javascriptEnabled: true, networkConnectionEnabled: false, pageLoadStrategy: normal, platform: XP, platformName: XP, proxy: Proxy(), setWindowRect: true, strictFileInteractability: false, timeouts: {implicit: 0, pageLoad: 300000, script: 30000}, unhandledPromptBehavior: dismiss and notify}&#10;Session ID: f3af39b6a80af87ffa1caaa8b7704e87&#10;*** Element info: {Using=xpath, value=//*[@id=&apos;top-header-menu&apos;]/div[2]/span[1]}" type="org.openqa.selenium.NoSuchElementException">org.openqa.selenium.NoSuchElementException: 
no such element: Unable to locate element: {"method":"xpath","selector":"//*[@id='top-header-menu']/div[2]/span[1]"}
  (Session info: chrome=77.0.3865.90)
For documentation on this error, please visit: https://www.seleniumhq.org/exceptions/no_such_element.html
Build info: version: '3.141.59', revision: 'e82be7d358', time: '2018-11-14T08:17:03'
System info: host: 'IN-GYANPRAKASH2', ip: '192.168.19.77', os.name: 'Windows 10', os.arch: 'amd64', os.version: '10.0', java.version: '1.8.0_144'
Driver info: org.openqa.selenium.chrome.ChromeDriver
Capabilities {acceptInsecureCerts: false, browserName: chrome, browserVersion: 77.0.3865.90, chrome: {chromedriverVersion: 76.0.3809.126 (d80a294506b4..., userDataDir: C:\Users\GYANPR~1\AppData\L...}, goog:chromeOptions: {debuggerAddress: localhost:51197}, javascriptEnabled: true, networkConnectionEnabled: false, pageLoadStrategy: normal, platform: XP, platformName: XP, proxy: Proxy(), setWindowRect: true, strictFileInteractability: false, timeouts: {implicit: 0, pageLoad: 300000, script: 30000}, unhandledPromptBehavior: dismiss and notify}
Session ID: f3af39b6a80af87ffa1caaa8b7704e87
*** Element info: {Using=xpath, value=//*[@id='top-header-menu']/div[2]/span[1]}
	at com.crm.qa.testcases.HomePageTest.VerifyUserNameAtTop(HomePageTest.java:45)
</failure>
    <system-out><![CDATA[Navigated to: https://ui.cogmento.com/
Find Element By: By.name: email
Find Element By: By.name: password
Find Element By: By.xpath: //*[@id='ui']/div/div/form/div/div[3]
After clicking [[ChromeDriver: chrome on XP (f3af39b6a80af87ffa1caaa8b7704e87)] -> xpath: //*[@id='ui']/div/div/form/div/div[3]]
Exception Occured: org.openqa.selenium.NoSuchElementException: no such element: Unable to locate element: {"method":"xpath","selector":"//*[@id='top-header-menu']/div[2]/span[1]"}
  (Session info: chrome=77.0.3865.90)
For documentation on this error, please visit: https://www.seleniumhq.org/exceptions/no_such_element.html
Build info: version: '3.141.59', revision: 'e82be7d358', time: '2018-11-14T08:17:03'
System info: host: 'IN-GYANPRAKASH2', ip: '192.168.19.77', os.name: 'Windows 10', os.arch: 'amd64', os.version: '10.0', java.version: '1.8.0_144'
Driver info: org.openqa.selenium.chrome.ChromeDriver
Capabilities {acceptInsecureCerts: false, browserName: chrome, browserVersion: 77.0.3865.90, chrome: {chromedriverVersion: 76.0.3809.126 (d80a294506b4..., userDataDir: C:\Users\GYANPR~1\AppData\L...}, goog:chromeOptions: {debuggerAddress: localhost:51197}, javascriptEnabled: true, networkConnectionEnabled: false, pageLoadStrategy: normal, platform: XP, platformName: XP, proxy: Proxy(), setWindowRect: true, strictFileInteractability: false, timeouts: {implicit: 0, pageLoad: 300000, script: 30000}, unhandledPromptBehavior: dismiss and notify}
Session ID: f3af39b6a80af87ffa1caaa8b7704e87
*** Element info: {Using=xpath, value=//*[@id='top-header-menu']/div[2]/span[1]}
]]></system-out>
    <system-err><![CDATA[Starting ChromeDriver 76.0.3809.126 (d80a294506b4c9d18015e755cee48f953ddc3f2f-refs/branch-heads/3809@{#1024}) on port 27799
Only local connections are allowed.
Please protect ports used by ChromeDriver and related test frameworks to prevent access by malicious code.
[1569931751.785][WARNING]: This version of ChromeDriver has not been tested with Chrome version 77.
Oct 01, 2019 5:39:13 PM org.openqa.selenium.remote.ProtocolHandshake createSession
INFO: Detected dialect: W3C
]]></system-err>
  </testcase>
  <testcase name="VerifyContactsLinkClick" classname="com.crm.qa.testcases.HomePageTest" time="2.524"/>
</testsuite>